#
# There is insufficient memory for the Java Runtime Environment to continue.
# Native memory allocation (malloc) failed to allocate 1021296 bytes for Chunk::new
# Possible reasons:
#   The system is out of physical RAM or swap space
#   In 32 bit mode, the process size limit was hit
# Possible solutions:
#   Reduce memory load on the system
#   Increase physical memory or swap space
#   Check if swap backing store is full
#   Use 64 bit Java on a 64 bit OS
#   Decrease Java heap size (-Xmx/-Xms)
#   Decrease number of Java threads
#   Decrease Java thread stack sizes (-Xss)
#   Set larger code cache with -XX:ReservedCodeCacheSize=
# This output file may be truncated or incomplete.
#
#  Out of Memory Error (allocation.cpp:390), pid=17496, tid=0x0000000000003f44
#
# JRE version: Java(TM) SE Runtime Environment (8.0_181-b13) (build 1.8.0_181-b13)
# Java VM: Java HotSpot(TM) 64-Bit Server VM (25.181-b13 mixed mode windows-amd64 compressed oops)
# Failed to write core dump. Minidumps are not enabled by default on client versions of Windows
#

---------------  T H R E A D  ---------------

Current thread (0x0000000018734800):  JavaThread "C2 CompilerThread1" daemon [_thread_in_native, id=16196, stack(0x0000000018ea0000,0x0000000018fa0000)]

Stack: [0x0000000018ea0000,0x0000000018fa0000]
[error occurred during error reporting (printing stack bounds), id 0xc0000005]

Native frames: (J=compiled Java code, j=interpreted, Vv=VM code, C=native code)


Current CompileTask:
C2:   4764 2245       4       groovy.lang.MetaClassImpl$1MOPIter::methodNameAction (479 bytes)


---------------  P R O C E S S  ---------------

Java Threads: ( => current thread )
  0x000000001a7e1800 JavaThread "Cache worker for Artifact transforms cache (F:\.gradle\caches\transforms-1)" [_thread_blocked, id=18016, stack(0x000000001fc20000,0x000000001fd20000)]
  0x000000001a7e0000 JavaThread "Cache worker for cache directory md-rule (F:\.gradle\caches\4.10.1\md-rule)" [_thread_blocked, id=16980, stack(0x000000001fb20000,0x000000001fc20000)]
  0x000000001a7df000 JavaThread "Cache worker for cache directory md-supplier (F:\.gradle\caches\4.10.1\md-supplier)" [_thread_blocked, id=18092, stack(0x000000001fa20000,0x000000001fb20000)]
  0x000000001a7dd000 JavaThread "Cache worker for journal cache (F:\.gradle\caches\journal-1)" [_thread_blocked, id=16552, stack(0x000000001f120000,0x000000001f220000)]
  0x000000001a7e0800 JavaThread "Cache worker for file hash cache (D:\androidWorkspace\webapp\.gradle\4.10.1\fileHashes)" [_thread_blocked, id=7804, stack(0x000000001ddc0000,0x000000001dec0000)]
  0x000000001a7db800 JavaThread "File lock request listener" [_thread_in_native, id=3696, stack(0x000000001ccf0000,0x000000001cdf0000)]
  0x000000001a7dc000 JavaThread "Cache worker for file hash cache (F:\.gradle\caches\4.10.1\fileHashes)" [_thread_blocked, id=18176, stack(0x000000001cbf0000,0x000000001ccf0000)]
  0x000000001a6b7800 JavaThread "Stdin handler" [_thread_blocked, id=14448, stack(0x000000001b920000,0x000000001ba20000)]
  0x000000001a6b5800 JavaThread "Asynchronous log dispatcher for DefaultDaemonConnection: socket connection from /127.0.0.1:60171 to /127.0.0.1:60172" [_thread_blocked, id=13684, stack(0x000000001b720000,0x000000001b820000)]
  0x000000001a6f8800 JavaThread "Daemon worker" [_thread_in_vm, id=16560, stack(0x000000001b620000,0x000000001b720000)]
  0x000000001a6b9000 JavaThread "Cancel handler" [_thread_blocked, id=18388, stack(0x000000001b520000,0x000000001b620000)]
  0x000000001a64a800 JavaThread "Handler for socket connection from /127.0.0.1:60171 to /127.0.0.1:60172" [_thread_in_native, id=1452, stack(0x000000001b220000,0x000000001b320000)]
  0x000000001a644800 JavaThread "Daemon" [_thread_blocked, id=12152, stack(0x000000001b120000,0x000000001b220000)]
  0x000000001a632800 JavaThread "Daemon periodic checks" [_thread_blocked, id=17804, stack(0x000000001b020000,0x000000001b120000)]
  0x000000001a5f6800 JavaThread "Incoming local TCP Connector on port 60171" [_thread_in_native, id=15504, stack(0x000000001ae70000,0x000000001af70000)]
  0x000000001a5f4800 JavaThread "Daemon health stats" [_thread_blocked, id=16264, stack(0x000000001ab70000,0x000000001ac70000)]
  0x00000000187c8000 JavaThread "Service Thread" daemon [_thread_blocked, id=17888, stack(0x00000000191a0000,0x00000000192a0000)]
  0x0000000018740000 JavaThread "C1 CompilerThread3" daemon [_thread_blocked, id=16488, stack(0x00000000190a0000,0x00000000191a0000)]
  0x0000000018738000 JavaThread "C2 CompilerThread2" daemon [_thread_in_native, id=6248, stack(0x0000000018fa0000,0x00000000190a0000)]
=>0x0000000018734800 JavaThread "C2 CompilerThread1" daemon [_thread_in_native, id=16196, stack(0x0000000018ea0000,0x0000000018fa0000)]
  0x000000001872e000 JavaThread "C2 CompilerThread0" daemon [_thread_in_native, id=11800, stack(0x0000000018da0000,0x0000000018ea0000)]
  0x000000001872c000 JavaThread "Attach Listener" daemon [_thread_blocked, id=18288, stack(0x0000000018ca0000,0x0000000018da0000)]
  0x00000000186d9800 JavaThread "Signal Dispatcher" daemon [_thread_blocked, id=17560, stack(0x0000000018ba0000,0x0000000018ca0000)]
  0x0000000002a1e800 JavaThread "Finalizer" daemon [_thread_blocked, id=17524, stack(0x0000000018aa0000,0x0000000018ba0000)]
  0x0000000002a17000 JavaThread "Reference Handler" daemon [_thread_blocked, id=14972, stack(0x00000000185a0000,0x00000000186a0000)]
  0x000000000291e000 JavaThread "main" [_thread_blocked, id=5864, stack(0x0000000002760000,0x0000000002860000)]

Other Threads:
  0x00000000167da000 VMThread [stack: 0x00000000184a0000,0x00000000185a0000] [id=14172]
  0x0000000018811000 WatcherThread [stack: 0x00000000192a0000,0x00000000193a0000] [id=15432]

VM state:not at safepoint (normal execution)

VM Mutex/Monitor currently owned by a thread: None

Heap:
 PSYoungGen      total 67072K, used 40252K [0x00000000e0000000, 0x00000000e4b00000, 0x0000000100000000)
  eden space 57344K, 59% used [0x00000000e0000000,0x00000000e21743d8,0x00000000e3800000)
  from space 9728K, 61% used [0x00000000e3800000,0x00000000e3ddacd0,0x00000000e4180000)
  to   space 9728K, 0% used [0x00000000e4180000,0x00000000e4180000,0x00000000e4b00000)
 ParOldGen       total 56320K, used 8884K [0x00000000a0000000, 0x00000000a3700000, 0x00000000e0000000)
  object space 56320K, 15% used [0x00000000a0000000,0x00000000a08ad030,0x00000000a3700000)
 Metaspace       used 28474K, capacity 28926K, committed 29184K, reserved 1075200K
  class space    used 4111K, capacity 4297K, committed 4352K, reserved 1048576K

Card table byte_map: [0x0000000011de0000,0x00000000120f0000] byte_map_base: 0x00000000118e0000

Marking Bits: (ParMarkBitMap*) 0x0000000057f32d00
 Begin Bits: [0x0000000012af0000, 0x00000000142f0000)
 End Bits:   [0x00000000142f0000, 0x0000000015af0000)

Polling page: 0x00000000023b0000

CodeCache: size=245760Kb used=8897Kb max_used=8897Kb free=236863Kb
 bounds [0x0000000002a20000, 0x00000000032e0000, 0x0000000011a20000]
 total_blobs=2953 nmethods=2291 adapters=575
 compilation: enabled

Compilation events (10 events):
Event: 4.705 Thread 0x0000000018740000 2290       3       java.lang.Long::bitCount (61 bytes)
Event: 4.705 Thread 0x0000000018740000 nmethod 2290 0x00000000032d1190 code [0x00000000032d12e0, 0x00000000032d1490]
Event: 4.707 Thread 0x0000000018740000 2292       3       java.util.StringTokenizer::<init> (52 bytes)
Event: 4.707 Thread 0x0000000018740000 nmethod 2292 0x00000000032d1510 code [0x00000000032d1680, 0x00000000032d19a8]
Event: 4.708 Thread 0x0000000018740000 2293       3       com.google.common.base.Preconditions::checkPositionIndex (8 bytes)
Event: 4.709 Thread 0x0000000018740000 nmethod 2293 0x00000000032d1b10 code [0x00000000032d1ca0, 0x00000000032d1f98]
Event: 4.709 Thread 0x0000000018740000 2294       3       com.google.common.base.Preconditions::checkPositionIndex (25 bytes)
Event: 4.709 Thread 0x0000000018740000 nmethod 2294 0x00000000032d2110 code [0x00000000032d2280, 0x00000000032d2518]
Event: 4.715 Thread 0x0000000018740000 2295       3       com.google.common.cache.LocalCache::usesAccessQueue (20 bytes)
Event: 4.715 Thread 0x0000000018740000 nmethod 2295 0x00000000032d2610 code [0x00000000032d2780, 0x00000000032d2b10]

GC Heap History (10 events):
Event: 2.547 GC heap before
{Heap before GC invocations=4 (full 0):
 PSYoungGen      total 33280K, used 33256K [0x00000000e0000000, 0x00000000e2500000, 0x0000000100000000)
  eden space 28672K, 100% used [0x00000000e0000000,0x00000000e1c00000,0x00000000e1c00000)
  from space 4608K, 99% used [0x00000000e1c00000,0x00000000e207a020,0x00000000e2080000)
  to   space 4608K, 0% used [0x00000000e2080000,0x00000000e2080000,0x00000000e2500000)
 ParOldGen       total 76800K, used 2055K [0x00000000a0000000, 0x00000000a4b00000, 0x00000000e0000000)
  object space 76800K, 2% used [0x00000000a0000000,0x00000000a0201eb0,0x00000000a4b00000)
 Metaspace       used 15270K, capacity 15686K, committed 16000K, reserved 1062912K
  class space    used 2213K, capacity 2361K, committed 2432K, reserved 1048576K
Event: 2.554 GC heap after
Heap after GC invocations=4 (full 0):
 PSYoungGen      total 33280K, used 4600K [0x00000000e0000000, 0x00000000e2500000, 0x0000000100000000)
  eden space 28672K, 0% used [0x00000000e0000000,0x00000000e0000000,0x00000000e1c00000)
  from space 4608K, 99% used [0x00000000e2080000,0x00000000e24fe010,0x00000000e2500000)
  to   space 4608K, 0% used [0x00000000e1c00000,0x00000000e1c00000,0x00000000e2080000)
 ParOldGen       total 76800K, used 5426K [0x00000000a0000000, 0x00000000a4b00000, 0x00000000e0000000)
  object space 76800K, 7% used [0x00000000a0000000,0x00000000a054cb18,0x00000000a4b00000)
 Metaspace       used 15270K, capacity 15686K, committed 16000K, reserved 1062912K
  class space    used 2213K, capacity 2361K, committed 2432K, reserved 1048576K
}
Event: 3.053 GC heap before
{Heap before GC invocations=5 (full 0):
 PSYoungGen      total 33280K, used 33272K [0x00000000e0000000, 0x00000000e2500000, 0x0000000100000000)
  eden space 28672K, 100% used [0x00000000e0000000,0x00000000e1c00000,0x00000000e1c00000)
  from space 4608K, 99% used [0x00000000e2080000,0x00000000e24fe010,0x00000000e2500000)
  to   space 4608K, 0% used [0x00000000e1c00000,0x00000000e1c00000,0x00000000e2080000)
 ParOldGen       total 76800K, used 5426K [0x00000000a0000000, 0x00000000a4b00000, 0x00000000e0000000)
  object space 76800K, 7% used [0x00000000a0000000,0x00000000a054cb18,0x00000000a4b00000)
 Metaspace       used 17989K, capacity 18404K, committed 18688K, reserved 1064960K
  class space    used 2674K, capacity 2814K, committed 2816K, reserved 1048576K
Event: 3.059 GC heap after
Heap after GC invocations=5 (full 0):
 PSYoungGen      total 33280K, used 4600K [0x00000000e0000000, 0x00000000e4b00000, 0x0000000100000000)
  eden space 28672K, 0% used [0x00000000e0000000,0x00000000e0000000,0x00000000e1c00000)
  from space 4608K, 99% used [0x00000000e1c00000,0x00000000e207e040,0x00000000e2080000)
  to   space 9728K, 0% used [0x00000000e4180000,0x00000000e4180000,0x00000000e4b00000)
 ParOldGen       total 76800K, used 8576K [0x00000000a0000000, 0x00000000a4b00000, 0x00000000e0000000)
  object space 76800K, 11% used [0x00000000a0000000,0x00000000a08602b8,0x00000000a4b00000)
 Metaspace       used 17989K, capacity 18404K, committed 18688K, reserved 1064960K
  class space    used 2674K, capacity 2814K, committed 2816K, reserved 1048576K
}
Event: 3.659 GC heap before
{Heap before GC invocations=6 (full 0):
 PSYoungGen      total 33280K, used 25348K [0x00000000e0000000, 0x00000000e4b00000, 0x0000000100000000)
  eden space 28672K, 72% used [0x00000000e0000000,0x00000000e14430a0,0x00000000e1c00000)
  from space 4608K, 99% used [0x00000000e1c00000,0x00000000e207e040,0x00000000e2080000)
  to   space 9728K, 0% used [0x00000000e4180000,0x00000000e4180000,0x00000000e4b00000)
 ParOldGen       total 76800K, used 8576K [0x00000000a0000000, 0x00000000a4b00000, 0x00000000e0000000)
  object space 76800K, 11% used [0x00000000a0000000,0x00000000a08602b8,0x00000000a4b00000)
 Metaspace       used 20755K, capacity 21188K, committed 21296K, reserved 1067008K
  class space    used 2998K, capacity 3155K, committed 3200K, reserved 1048576K
Event: 3.665 GC heap after
Heap after GC invocations=6 (full 0):
 PSYoungGen      total 67072K, used 7688K [0x00000000e0000000, 0x00000000e4b00000, 0x0000000100000000)
  eden space 57344K, 0% used [0x00000000e0000000,0x00000000e0000000,0x00000000e3800000)
  from space 9728K, 79% used [0x00000000e4180000,0x00000000e49021e8,0x00000000e4b00000)
  to   space 9728K, 0% used [0x00000000e3800000,0x00000000e3800000,0x00000000e4180000)
 ParOldGen       total 76800K, used 8584K [0x00000000a0000000, 0x00000000a4b00000, 0x00000000e0000000)
  object space 76800K, 11% used [0x00000000a0000000,0x00000000a08622b8,0x00000000a4b00000)
 Metaspace       used 20755K, capacity 21188K, committed 21296K, reserved 1067008K
  class space    used 2998K, capacity 3155K, committed 3200K, reserved 1048576K
}
Event: 3.666 GC heap before
{Heap before GC invocations=7 (full 1):
 PSYoungGen      total 67072K, used 7688K [0x00000000e0000000, 0x00000000e4b00000, 0x0000000100000000)
  eden space 57344K, 0% used [0x00000000e0000000,0x00000000e0000000,0x00000000e3800000)
  from space 9728K, 79% used [0x00000000e4180000,0x00000000e49021e8,0x00000000e4b00000)
  to   space 9728K, 0% used [0x00000000e3800000,0x00000000e3800000,0x00000000e4180000)
 ParOldGen       total 76800K, used 8584K [0x00000000a0000000, 0x00000000a4b00000, 0x00000000e0000000)
  object space 76800K, 11% used [0x00000000a0000000,0x00000000a08622b8,0x00000000a4b00000)
 Metaspace       used 20755K, capacity 21188K, committed 21296K, reserved 1067008K
  class space    used 2998K, capacity 3155K, committed 3200K, reserved 1048576K
Event: 3.699 GC heap after
Heap after GC invocations=7 (full 1):
 PSYoungGen      total 67072K, used 0K [0x00000000e0000000, 0x00000000e4b00000, 0x0000000100000000)
  eden space 57344K, 0% used [0x00000000e0000000,0x00000000e0000000,0x00000000e3800000)
  from space 9728K, 0% used [0x00000000e4180000,0x00000000e4180000,0x00000000e4b00000)
  to   space 9728K, 0% used [0x00000000e3800000,0x00000000e3800000,0x00000000e4180000)
 ParOldGen       total 56320K, used 8876K [0x00000000a0000000, 0x00000000a3700000, 0x00000000e0000000)
  object space 56320K, 15% used [0x00000000a0000000,0x00000000a08ab030,0x00000000a3700000)
 Metaspace       used 20755K, capacity 21188K, committed 21296K, reserved 1067008K
  class space    used 2998K, capacity 3155K, committed 3200K, reserved 1048576K
}
Event: 4.314 GC heap before
{Heap before GC invocations=8 (full 1):
 PSYoungGen      total 67072K, used 57344K [0x00000000e0000000, 0x00000000e4b00000, 0x0000000100000000)
  eden space 57344K, 100% used [0x00000000e0000000,0x00000000e3800000,0x00000000e3800000)
  from space 9728K, 0% used [0x00000000e4180000,0x00000000e4180000,0x00000000e4b00000)
  to   space 9728K, 0% used [0x00000000e3800000,0x00000000e3800000,0x00000000e4180000)
 ParOldGen       total 56320K, used 8876K [0x00000000a0000000, 0x00000000a3700000, 0x00000000e0000000)
  object space 56320K, 15% used [0x00000000a0000000,0x00000000a08ab030,0x00000000a3700000)
 Metaspace       used 26459K, capacity 26990K, committed 27136K, reserved 1073152K
  class space    used 3779K, capacity 3998K, committed 4096K, reserved 1048576K
Event: 4.320 GC heap after
Heap after GC invocations=8 (full 1):
 PSYoungGen      total 67072K, used 5995K [0x00000000e0000000, 0x00000000e4b00000, 0x0000000100000000)
  eden space 57344K, 0% used [0x00000000e0000000,0x00000000e0000000,0x00000000e3800000)
  from space 9728K, 61% used [0x00000000e3800000,0x00000000e3ddacd0,0x00000000e4180000)
  to   space 9728K, 0% used [0x00000000e4180000,0x00000000e4180000,0x00000000e4b00000)
 ParOldGen       total 56320K, used 8884K [0x00000000a0000000, 0x00000000a3700000, 0x00000000e0000000)
  object space 56320K, 15% used [0x00000000a0000000,0x00000000a08ad030,0x00000000a3700000)
 Metaspace       used 26459K, capacity 26990K, committed 27136K, reserved 1073152K
  class space    used 3779K, capacity 3998K, committed 4096K, reserved 1048576K
}

Deoptimization events (10 events):
Event: 3.507 Thread 0x000000001a6f8800 Uncommon trap: reason=class_check action=maybe_recompile pc=0x0000000002d46c6c method=sun.misc.URLClassPath.getResource(Ljava/lang/String;Z)Lsun/misc/Resource; @ 62
Event: 3.509 Thread 0x000000001a6f8800 Uncommon trap: reason=unstable_if action=reinterpret pc=0x0000000002fdeea8 method=java.lang.ClassLoader.getClassLoadingLock(Ljava/lang/String;)Ljava/lang/Object; @ 6
Event: 3.975 Thread 0x000000001a6f8800 Uncommon trap: reason=unstable_if action=reinterpret pc=0x0000000002eabd00 method=java.util.HashMap.hash(Ljava/lang/Object;)I @ 1
Event: 4.030 Thread 0x000000001a6f8800 Uncommon trap: reason=unstable_if action=reinterpret pc=0x0000000002cb921c method=java.io.WinNTFileSystem.resolve(Ljava/lang/String;Ljava/lang/String;)Ljava/lang/String; @ 49
Event: 4.050 Thread 0x000000001a6f8800 Uncommon trap: reason=unstable_if action=reinterpret pc=0x0000000002cebff0 method=java.util.LinkedHashMap.afterNodeInsertion(Z)V @ 1
Event: 4.254 Thread 0x000000001a6f8800 Uncommon trap: reason=unstable_if action=reinterpret pc=0x0000000002c93fb0 method=java.util.HashMap.getNode(ILjava/lang/Object;)Ljava/util/HashMap$Node; @ 129
Event: 4.276 Thread 0x000000001a6f8800 Uncommon trap: reason=unstable_if action=reinterpret pc=0x000000000321c2b0 method=org.objectweb.asm.Type.appendDescriptor(Ljava/lang/StringBuilder;Ljava/lang/Class;)V @ 6
Event: 4.592 Thread 0x000000001a6f8800 Uncommon trap: reason=unstable_if action=reinterpret pc=0x000000000320701c method=org.objectweb.asm.Type.getArgumentsAndReturnSizes(Ljava/lang/String;)I @ 115
Event: 4.760 Thread 0x000000001a6f8800 Uncommon trap: reason=unstable_if action=reinterpret pc=0x0000000002cb0b70 method=java.util.HashMap.hash(Ljava/lang/Object;)I @ 1
Event: 4.760 Thread 0x000000001a6f8800 Uncommon trap: reason=unstable_if action=reinterpret pc=0x0000000002e79b80 method=java.util.HashMap.putVal(ILjava/lang/Object;Ljava/lang/Object;ZZ)Ljava/lang/Object; @ 85

Classes redefined (0 events):
No events

Internal exceptions (10 events):
Event: 4.485 Thread 0x000000001a6f8800 Exception <a 'java/lang/ClassNotFoundException': org/gradle/invocation/DefaultGradle_DecoratedCustomizer> (0x00000000e10a56f8) thrown at [C:\re\workspace\8-2-build-windows-amd64-cygwin\jdk8u181\11358\hotspot\src\share\vm\classfile\systemDictionary.cpp, li
Event: 4.566 Thread 0x000000001a6f8800 Exception <a 'java/lang/ClassNotFoundException': settings_cwxk76ku4n40yqgb66xffqu91BeanInfo> (0x00000000e12a0a68) thrown at [C:\re\workspace\8-2-build-windows-amd64-cygwin\jdk8u181\11358\hotspot\src\share\vm\classfile\systemDictionary.cpp, line 210]
Event: 4.566 Thread 0x000000001a6f8800 Exception <a 'java/lang/ClassNotFoundException': org/gradle/initialization/SettingsScriptBeanInfo> (0x00000000e12d9fd0) thrown at [C:\re\workspace\8-2-build-windows-amd64-cygwin\jdk8u181\11358\hotspot\src\share\vm\classfile\systemDictionary.cpp, line 210]
Event: 4.566 Thread 0x000000001a6f8800 Exception <a 'java/lang/ClassNotFoundException': org/gradle/initialization/SettingsScriptCustomizer> (0x00000000e12ed878) thrown at [C:\re\workspace\8-2-build-windows-amd64-cygwin\jdk8u181\11358\hotspot\src\share\vm\classfile\systemDictionary.cpp, line 21
Event: 4.567 Thread 0x000000001a6f8800 Exception <a 'java/lang/ClassNotFoundException': settings_cwxk76ku4n40yqgb66xffqu91Customizer> (0x00000000e1300738) thrown at [C:\re\workspace\8-2-build-windows-amd64-cygwin\jdk8u181\11358\hotspot\src\share\vm\classfile\systemDictionary.cpp, line 210]
Event: 4.573 Thread 0x000000001a6f8800 Exception <a 'java/lang/ClassNotFoundException': org/gradle/initialization/DefaultSettings_DecoratedBeanInfo> (0x00000000e13810d0) thrown at [C:\re\workspace\8-2-build-windows-amd64-cygwin\jdk8u181\11358\hotspot\src\share\vm\classfile\systemDictionary.cpp
Event: 4.574 Thread 0x000000001a6f8800 Exception <a 'java/lang/ClassNotFoundException': org/gradle/initialization/DefaultSettingsBeanInfo> (0x00000000e13a6c38) thrown at [C:\re\workspace\8-2-build-windows-amd64-cygwin\jdk8u181\11358\hotspot\src\share\vm\classfile\systemDictionary.cpp, line 210
Event: 4.575 Thread 0x000000001a6f8800 Exception <a 'java/lang/ClassNotFoundException': org/gradle/initialization/DefaultSettingsCustomizer> (0x00000000e13ce580) thrown at [C:\re\workspace\8-2-build-windows-amd64-cygwin\jdk8u181\11358\hotspot\src\share\vm\classfile\systemDictionary.cpp, line 2
Event: 4.579 Thread 0x000000001a6f8800 Exception <a 'java/lang/ClassNotFoundException': org/gradle/initialization/DefaultSettings_DecoratedCustomizer> (0x00000000e1438150) thrown at [C:\re\workspace\8-2-build-windows-amd64-cygwin\jdk8u181\11358\hotspot\src\share\vm\classfile\systemDictionary.c
Event: 4.760 Thread 0x000000001a6f8800 Implicit null exception at 0x0000000002cb0ad8 to 0x0000000002cb0b66

Events (10 events):
Event: 4.761 loading class org/gradle/api/internal/project/taskfactory/TaskActionFactory
Event: 4.761 loading class org/gradle/api/internal/project/taskfactory/TaskActionFactory done
Event: 4.761 loading class org/gradle/api/internal/project/taskfactory/AnnotationProcessingTaskFactory
Event: 4.761 loading class org/gradle/api/internal/project/taskfactory/AnnotationProcessingTaskFactory done
Event: 4.762 loading class org/gradle/api/internal/project/taskfactory/TaskFactory
Event: 4.762 loading class org/gradle/api/internal/project/taskfactory/TaskFactory done
Event: 4.762 loading class org/gradle/api/NonNullApi
Event: 4.762 loading class org/gradle/api/NonNullApi done
Event: 4.763 loading class javax/annotation/meta/TypeQualifierDefault
Event: 4.763 loading class javax/annotation/meta/TypeQualifierDefault done


Dynamic libraries:
0x00007ff7b5740000 - 0x00007ff7b5777000 	C:\Program Files\Java\jdk1.8.0_181\bin\java.exe
0x00007ff9ac5c0000 - 0x00007ff9ac7a1000 	C:\windows\SYSTEM32\ntdll.dll
0x00007ff9a9f30000 - 0x00007ff9a9fe2000 	C:\windows\System32\KERNEL32.DLL
0x00007ff9a9170000 - 0x00007ff9a93e3000 	C:\windows\System32\KERNELBASE.dll
0x00007ff9aad00000 - 0x00007ff9aada1000 	C:\windows\System32\ADVAPI32.dll
0x00007ff9aaea0000 - 0x00007ff9aaf3e000 	C:\windows\System32\msvcrt.dll
0x00007ff9aa9f0000 - 0x00007ff9aaa4b000 	C:\windows\System32\sechost.dll
0x00007ff9aa050000 - 0x00007ff9aa174000 	C:\windows\System32\RPCRT4.dll
0x00007ff9aa860000 - 0x00007ff9aa9f0000 	C:\windows\System32\USER32.dll
0x00007ff9a9830000 - 0x00007ff9a9850000 	C:\windows\System32\win32u.dll
0x00007ff9a9a50000 - 0x00007ff9a9a78000 	C:\windows\System32\GDI32.dll
0x00007ff9a98b0000 - 0x00007ff9a9a42000 	C:\windows\System32\gdi32full.dll
0x00007ff9a9790000 - 0x00007ff9a982f000 	C:\windows\System32\msvcp_win.dll
0x00007ff9a94a0000 - 0x00007ff9a959a000 	C:\windows\System32\ucrtbase.dll
0x00007ff99e0f0000 - 0x00007ff99e359000 	C:\windows\WinSxS\amd64_microsoft.windows.common-controls_6595b64144ccf1df_6.0.17134.523_none_fb409dd930672a56\COMCTL32.dll
0x00007ff9aa390000 - 0x00007ff9aa6b2000 	C:\windows\System32\combase.dll
0x00007ff9a90a0000 - 0x00007ff9a911a000 	C:\windows\System32\bcryptPrimitives.dll
0x00007ff9aa2f0000 - 0x00007ff9aa31d000 	C:\windows\System32\IMM32.DLL
0x000000005a650000 - 0x000000005a722000 	C:\Program Files\Java\jdk1.8.0_181\jre\bin\msvcr100.dll
0x0000000057710000 - 0x0000000057fb2000 	C:\Program Files\Java\jdk1.8.0_181\jre\bin\server\jvm.dll
0x00007ff9aa380000 - 0x00007ff9aa388000 	C:\windows\System32\PSAPI.DLL
0x00007ff99c770000 - 0x00007ff99c779000 	C:\windows\SYSTEM32\WSOCK32.dll
0x00007ff9a6a40000 - 0x00007ff9a6a63000 	C:\windows\SYSTEM32\WINMM.dll
0x00007ff9ab0e0000 - 0x00007ff9ab14c000 	C:\windows\System32\WS2_32.dll
0x00007ff9a2f20000 - 0x00007ff9a2f2a000 	C:\windows\SYSTEM32\VERSION.dll
0x00007ff9a6930000 - 0x00007ff9a695a000 	C:\windows\SYSTEM32\WINMMBASE.dll
0x00007ff9a9120000 - 0x00007ff9a9169000 	C:\windows\System32\cfgmgr32.dll
0x000000005a640000 - 0x000000005a64f000 	C:\Program Files\Java\jdk1.8.0_181\jre\bin\verify.dll
0x000000005a610000 - 0x000000005a639000 	C:\Program Files\Java\jdk1.8.0_181\jre\bin\java.dll
0x000000005a5a0000 - 0x000000005a5b6000 	C:\Program Files\Java\jdk1.8.0_181\jre\bin\zip.dll
0x00007ff9ab150000 - 0x00007ff9ac590000 	C:\windows\System32\SHELL32.dll
0x00007ff9aac50000 - 0x00007ff9aacf9000 	C:\windows\System32\shcore.dll
0x00007ff9a8990000 - 0x00007ff9a909d000 	C:\windows\System32\windows.storage.dll
0x00007ff9a9ff0000 - 0x00007ff9aa041000 	C:\windows\System32\shlwapi.dll
0x00007ff9a8950000 - 0x00007ff9a8961000 	C:\windows\System32\kernel.appcore.dll
0x00007ff9a88e0000 - 0x00007ff9a88ff000 	C:\windows\System32\profapi.dll
0x00007ff9a8900000 - 0x00007ff9a894c000 	C:\windows\System32\powrprof.dll
0x00007ff9a88d0000 - 0x00007ff9a88da000 	C:\windows\System32\FLTLIB.DLL
0x000000005a560000 - 0x000000005a57a000 	C:\Program Files\Java\jdk1.8.0_181\jre\bin\net.dll
0x00007ff9a80f0000 - 0x00007ff9a8156000 	C:\windows\system32\mswsock.dll
0x000000005a540000 - 0x000000005a551000 	C:\Program Files\Java\jdk1.8.0_181\jre\bin\nio.dll
0x00007ff973ef0000 - 0x00007ff973f0e000 	F:\.gradle\native\25\windows-amd64\native-platform.dll
0x000000005a580000 - 0x000000005a58d000 	C:\Program Files\Java\jdk1.8.0_181\jre\bin\management.dll
0x00007ff9a82b0000 - 0x00007ff9a82c7000 	C:\windows\SYSTEM32\CRYPTSP.dll
0x00007ff9a7cd0000 - 0x00007ff9a7d03000 	C:\windows\system32\rsaenh.dll
0x00007ff9a83d0000 - 0x00007ff9a83f5000 	C:\windows\SYSTEM32\bcrypt.dll
0x00007ff9a87d0000 - 0x00007ff9a87f8000 	C:\windows\SYSTEM32\USERENV.dll
0x00007ff9a82a0000 - 0x00007ff9a82ab000 	C:\windows\SYSTEM32\CRYPTBASE.dll
0x00007ff9a7e70000 - 0x00007ff9a7ea8000 	C:\windows\SYSTEM32\IPHLPAPI.DLL
0x00007ff9aaf50000 - 0x00007ff9aaf58000 	C:\windows\System32\NSI.dll
0x00007ff9a31a0000 - 0x00007ff9a31b6000 	C:\windows\SYSTEM32\dhcpcsvc6.DLL
0x00007ff9a3180000 - 0x00007ff9a319a000 	C:\windows\SYSTEM32\dhcpcsvc.DLL

VM Arguments:
jvm_args: -Xmx1536m -Dfile.encoding=GBK -Duser.country=CN -Duser.language=zh -Duser.variant 
java_command: org.gradle.launcher.daemon.bootstrap.GradleDaemon 4.10.1
java_class_path (initial): F:\.gradle\wrapper\dists\gradle-4.10.1-all\455itskqi2qtf0v2sja68alqd\gradle-4.10.1\lib\gradle-launcher-4.10.1.jar
Launcher Type: SUN_STANDARD

Environment Variables:
JAVA_HOME=C:\Program Files\Java\jdk1.8.0_181
CLASSPATH=.;%JAVA_HOME%\lib;%JAVA_HOME%\lib\dt.jar;%JAVA_HOME%\lib\tools.jar
PATH=C:\ProgramData\Oracle\Java\javapath;C:\windows\system32;C:\windows;C:\windows\System32\Wbem;C:\windows\System32\WindowsPowerShell\v1.0\;C:\windows\System32\OpenSSH\;E:\Program Files (x86)\Microsoft SQL Server\110\Tools\Binn\;E:\Program Files\Microsoft SQL Server\110\Tools\Binn\;E:\Program Files\Microsoft SQL Server\110\DTS\Binn\;E:\Program Files (x86)\Microsoft SQL Server\110\Tools\Binn\ManagementStudio\;C:\Program Files (x86)\Microsoft Visual Studio 10.0\Common7\IDE\PrivateAssemblies\;E:\Program Files (x86)\Microsoft SQL Server\110\DTS\Binn\;E:\nodejs\;E:\gradle-5.1-rc-2\bin;%android_home%;E:\Microsoft VS Code\bin;E:\TortoiseSVN\bin;E:\Git\cmd;C:\Users\Admin\AppData\Local\Microsoft\WindowsApps;E:\Microsoft VS Code\bin;C:\Users\Admin\AppData\Roaming\npm;E:\gradle-5.1-rc-2\bin;E:\apache-maven-3.6.0\bin;C:\Program Files\Java\jdk1.8.0_181\bin;C:\Users\Admin\AppData\Local\GitHubDesktop\bin
USERNAME=Admin
OS=Windows_NT
PROCESSOR_IDENTIFIER=AMD64 Family 23 Model 17 Stepping 0, AuthenticAMD



---------------  S Y S T E M  ---------------

OS: Windows 10.0 , 64 bit Build 17134 (10.0.17134.1)

CPU:total 8 (initial active 8) (8 cores per cpu, 1 threads per core) family 23 model 17 stepping 0, cmov, cx8, fxsr, mmx, sse, sse2, sse3, ssse3, sse4.1, sse4.2, popcnt, avx, avx2, aes, clmul, mmxext, 3dnowpref, lzcnt, sse4a, tsc, tscinvbit, tscinv, bmi1

Memory: 4k page, physical 7287780k(495584k free), swap 15676388k(5356k free)

vm_info: Java HotSpot(TM) 64-Bit Server VM (25.181-b13) for windows-amd64 JRE (1.8.0_181-b13), built on Jul  7 2018 04:01:33 by "java_re" with MS VC++ 10.0 (VS2010)

time: Tue Jan 22 15:42:48 2019
elapsed time: 4 seconds (0d 0h 0m 4s)

