#
# There is insufficient memory for the Java Runtime Environment to continue.
# Native memory allocation (malloc) failed to allocate 438384 bytes for Chunk::new
# Possible reasons:
#   The system is out of physical RAM or swap space
#   In 32 bit mode, the process size limit was hit
# Possible solutions:
#   Reduce memory load on the system
#   Increase physical memory or swap space
#   Check if swap backing store is full
#   Use 64 bit Java on a 64 bit OS
#   Decrease Java heap size (-Xmx/-Xms)
#   Decrease number of Java threads
#   Decrease Java thread stack sizes (-Xss)
#   Set larger code cache with -XX:ReservedCodeCacheSize=
# This output file may be truncated or incomplete.
#
#  Out of Memory Error (allocation.cpp:390), pid=18060, tid=0x0000000000003584
#
# JRE version: Java(TM) SE Runtime Environment (8.0_181-b13) (build 1.8.0_181-b13)
# Java VM: Java HotSpot(TM) 64-Bit Server VM (25.181-b13 mixed mode windows-amd64 compressed oops)
# Failed to write core dump. Minidumps are not enabled by default on client versions of Windows
#

---------------  T H R E A D  ---------------

Current thread (0x00000000192da800):  JavaThread "C2 CompilerThread2" daemon [_thread_in_native, id=13700, stack(0x0000000019b40000,0x0000000019c40000)]

Stack: [0x0000000019b40000,0x0000000019c40000]
[error occurred during error reporting (printing stack bounds), id 0xc0000005]

Native frames: (J=compiled Java code, j=interpreted, Vv=VM code, C=native code)


Current CompileTask:
C2:   5387 2291   !   4       java.net.URLClassLoader$1::run (63 bytes)


---------------  P R O C E S S  ---------------

Java Threads: ( => current thread )
  0x000000001ce81000 JavaThread "Cache worker for Artifact transforms cache (F:\.gradle\caches\transforms-1)" [_thread_blocked, id=9780, stack(0x0000000020820000,0x0000000020920000)]
  0x000000001ce7b000 JavaThread "Cache worker for cache directory md-rule (F:\.gradle\caches\4.10.1\md-rule)" [_thread_blocked, id=2704, stack(0x0000000020720000,0x0000000020820000)]
  0x000000001ce7c800 JavaThread "Cache worker for cache directory md-supplier (F:\.gradle\caches\4.10.1\md-supplier)" [_thread_blocked, id=1072, stack(0x0000000020620000,0x0000000020720000)]
  0x000000001b00d000 JavaThread "Cache worker for journal cache (F:\.gradle\caches\journal-1)" [_thread_blocked, id=7164, stack(0x000000001fd20000,0x000000001fe20000)]
  0x000000001b00a000 JavaThread "Cache worker for file hash cache (D:\androidWorkspace\webapp\.gradle\4.10.1\fileHashes)" [_thread_blocked, id=17620, stack(0x000000001e960000,0x000000001ea60000)]
  0x000000001b00c800 JavaThread "File lock request listener" [_thread_in_native, id=18112, stack(0x000000001d890000,0x000000001d990000)]
  0x000000001b00b800 JavaThread "Cache worker for file hash cache (F:\.gradle\caches\4.10.1\fileHashes)" [_thread_blocked, id=8652, stack(0x000000001d790000,0x000000001d890000)]
  0x000000001b056000 JavaThread "Stdin handler" [_thread_blocked, id=6084, stack(0x000000001c4c0000,0x000000001c5c0000)]
  0x000000001b055800 JavaThread "Asynchronous log dispatcher for DefaultDaemonConnection: socket connection from /127.0.0.1:60224 to /127.0.0.1:60225" [_thread_blocked, id=3936, stack(0x000000001c2c0000,0x000000001c3c0000)]
  0x000000001b063800 JavaThread "Daemon worker" [_thread_in_native, id=16564, stack(0x000000001c1c0000,0x000000001c2c0000)]
  0x000000001b2c6800 JavaThread "Cancel handler" [_thread_blocked, id=14492, stack(0x000000001c0c0000,0x000000001c1c0000)]
  0x000000001b1cc000 JavaThread "Handler for socket connection from /127.0.0.1:60224 to /127.0.0.1:60225" [_thread_in_native, id=8952, stack(0x000000001bdc0000,0x000000001bec0000)]
  0x000000001b039000 JavaThread "Daemon" [_thread_blocked, id=6724, stack(0x000000001bcc0000,0x000000001bdc0000)]
  0x000000001b28e800 JavaThread "Daemon periodic checks" [_thread_blocked, id=12296, stack(0x000000001bbc0000,0x000000001bcc0000)]
  0x000000001b293000 JavaThread "Incoming local TCP Connector on port 60224" [_thread_in_native, id=8608, stack(0x000000001ba10000,0x000000001bb10000)]
  0x000000001aea5800 JavaThread "Daemon health stats" [_thread_blocked, id=15644, stack(0x000000001b710000,0x000000001b810000)]
  0x000000001932a800 JavaThread "Service Thread" daemon [_thread_blocked, id=17356, stack(0x0000000019d40000,0x0000000019e40000)]
  0x00000000192e2800 JavaThread "C1 CompilerThread3" daemon [_thread_blocked, id=18228, stack(0x0000000019c40000,0x0000000019d40000)]
=>0x00000000192da800 JavaThread "C2 CompilerThread2" daemon [_thread_in_native, id=13700, stack(0x0000000019b40000,0x0000000019c40000)]
  0x00000000192d7000 JavaThread "C2 CompilerThread1" daemon [_thread_in_native, id=17512, stack(0x0000000019a40000,0x0000000019b40000)]
  0x00000000192ce000 JavaThread "C2 CompilerThread0" daemon [_thread_in_native, id=6540, stack(0x0000000019940000,0x0000000019a40000)]
  0x00000000192cb800 JavaThread "Attach Listener" daemon [_thread_blocked, id=12536, stack(0x0000000019840000,0x0000000019940000)]
  0x0000000019277800 JavaThread "Signal Dispatcher" daemon [_thread_blocked, id=17988, stack(0x0000000019740000,0x0000000019840000)]
  0x0000000019260800 JavaThread "Finalizer" daemon [_thread_blocked, id=17176, stack(0x0000000019640000,0x0000000019740000)]
  0x0000000003587000 JavaThread "Reference Handler" daemon [_thread_blocked, id=9796, stack(0x0000000019140000,0x0000000019240000)]
  0x000000000183e000 JavaThread "main" [_thread_blocked, id=18340, stack(0x0000000003390000,0x0000000003490000)]

Other Threads:
  0x000000001734a000 VMThread [stack: 0x0000000019040000,0x0000000019140000] [id=11732]
  0x000000001939a800 WatcherThread [stack: 0x0000000019e40000,0x0000000019f40000] [id=17856]

VM state:not at safepoint (normal execution)

VM Mutex/Monitor currently owned by a thread: None

Heap:
 PSYoungGen      total 67072K, used 57744K [0x00000000e0000000, 0x00000000e4c00000, 0x0000000100000000)
  eden space 56832K, 91% used [0x00000000e0000000,0x00000000e32983d0,0x00000000e3780000)
  from space 10240K, 57% used [0x00000000e3780000,0x00000000e3d4bd48,0x00000000e4180000)
  to   space 9728K, 0% used [0x00000000e4180000,0x00000000e4180000,0x00000000e4b00000)
 ParOldGen       total 55296K, used 9150K [0x00000000a0000000, 0x00000000a3600000, 0x00000000e0000000)
  object space 55296K, 16% used [0x00000000a0000000,0x00000000a08efbb0,0x00000000a3600000)
 Metaspace       used 29975K, capacity 30512K, committed 30592K, reserved 1075200K
  class space    used 4273K, capacity 4462K, committed 4480K, reserved 1048576K

Card table byte_map: [0x0000000012950000,0x0000000012c60000] byte_map_base: 0x0000000012450000

Marking Bits: (ParMarkBitMap*) 0x0000000057f32d00
 Begin Bits: [0x0000000013660000, 0x0000000014e60000)
 End Bits:   [0x0000000014e60000, 0x0000000016660000)

Polling page: 0x0000000000ff0000

CodeCache: size=245760Kb used=9387Kb max_used=9387Kb free=236372Kb
 bounds [0x0000000003590000, 0x0000000003ec0000, 0x0000000012590000]
 total_blobs=3070 nmethods=2402 adapters=581
 compilation: enabled

Compilation events (10 events):
Event: 5.345 Thread 0x00000000192e2800 2392       3       org.gradle.internal.time.MonotonicClock::getCurrentTime (70 bytes)
Event: 5.346 Thread 0x00000000192e2800 nmethod 2392 0x0000000003eabdd0 code [0x0000000003eac000, 0x0000000003ead0b0]
Event: 5.346 Thread 0x00000000192e2800 2394       3       org.gradle.internal.reflect.ReflectionCache$WeaklyClassReferencingCache::fetchNext (35 bytes)
Event: 5.347 Thread 0x00000000192e2800 nmethod 2394 0x0000000003eadc10 code [0x0000000003eade00, 0x0000000003eae5c8]
Event: 5.347 Thread 0x00000000192e2800 2393       3       org.gradle.internal.time.MonotonicClock::syncIsDue (28 bytes)
Event: 5.347 Thread 0x00000000192e2800 nmethod 2393 0x0000000003eae9d0 code [0x0000000003eaeb40, 0x0000000003eaee30]
Event: 5.349 Thread 0x00000000192e2800 2395       3       org.objectweb.asm.Label::addLineNumber (89 bytes)
Event: 5.350 Thread 0x00000000192e2800 nmethod 2395 0x0000000003eaef50 code [0x0000000003eaf0e0, 0x0000000003eaf588]
Event: 5.350 Thread 0x00000000192e2800 2396       3       org.objectweb.asm.MethodWriter::visitLineNumber (50 bytes)
Event: 5.350 Thread 0x00000000192e2800 nmethod 2396 0x0000000003eaf750 code [0x0000000003eaf8e0, 0x0000000003eafd18]

GC Heap History (10 events):
Event: 2.462 GC heap before
{Heap before GC invocations=4 (full 0):
 PSYoungGen      total 33280K, used 33256K [0x00000000e0000000, 0x00000000e2500000, 0x0000000100000000)
  eden space 28672K, 100% used [0x00000000e0000000,0x00000000e1c00000,0x00000000e1c00000)
  from space 4608K, 99% used [0x00000000e1c00000,0x00000000e207a020,0x00000000e2080000)
  to   space 4608K, 0% used [0x00000000e2080000,0x00000000e2080000,0x00000000e2500000)
 ParOldGen       total 76800K, used 2120K [0x00000000a0000000, 0x00000000a4b00000, 0x00000000e0000000)
  object space 76800K, 2% used [0x00000000a0000000,0x00000000a0212250,0x00000000a4b00000)
 Metaspace       used 15303K, capacity 15686K, committed 16000K, reserved 1062912K
  class space    used 2218K, capacity 2361K, committed 2432K, reserved 1048576K
Event: 2.470 GC heap after
Heap after GC invocations=4 (full 0):
 PSYoungGen      total 33280K, used 4600K [0x00000000e0000000, 0x00000000e4100000, 0x0000000100000000)
  eden space 28672K, 0% used [0x00000000e0000000,0x00000000e0000000,0x00000000e1c00000)
  from space 4608K, 99% used [0x00000000e2080000,0x00000000e24fe030,0x00000000e2500000)
  to   space 4608K, 0% used [0x00000000e1c00000,0x00000000e1c00000,0x00000000e2080000)
 ParOldGen       total 76800K, used 5482K [0x00000000a0000000, 0x00000000a4b00000, 0x00000000e0000000)
  object space 76800K, 7% used [0x00000000a0000000,0x00000000a055a9e0,0x00000000a4b00000)
 Metaspace       used 15303K, capacity 15686K, committed 16000K, reserved 1062912K
  class space    used 2218K, capacity 2361K, committed 2432K, reserved 1048576K
}
Event: 2.955 GC heap before
{Heap before GC invocations=5 (full 0):
 PSYoungGen      total 33280K, used 33272K [0x00000000e0000000, 0x00000000e4100000, 0x0000000100000000)
  eden space 28672K, 100% used [0x00000000e0000000,0x00000000e1c00000,0x00000000e1c00000)
  from space 4608K, 99% used [0x00000000e2080000,0x00000000e24fe030,0x00000000e2500000)
  to   space 4608K, 0% used [0x00000000e1c00000,0x00000000e1c00000,0x00000000e2080000)
 ParOldGen       total 76800K, used 5482K [0x00000000a0000000, 0x00000000a4b00000, 0x00000000e0000000)
  object space 76800K, 7% used [0x00000000a0000000,0x00000000a055a9e0,0x00000000a4b00000)
 Metaspace       used 18120K, capacity 18532K, committed 18688K, reserved 1064960K
  class space    used 2681K, capacity 2814K, committed 2816K, reserved 1048576K
Event: 2.961 GC heap after
Heap after GC invocations=5 (full 0):
 PSYoungGen      total 33280K, used 4600K [0x00000000e0000000, 0x00000000e4b00000, 0x0000000100000000)
  eden space 28672K, 0% used [0x00000000e0000000,0x00000000e0000000,0x00000000e1c00000)
  from space 4608K, 99% used [0x00000000e1c00000,0x00000000e207e040,0x00000000e2080000)
  to   space 9728K, 0% used [0x00000000e4180000,0x00000000e4180000,0x00000000e4b00000)
 ParOldGen       total 76800K, used 8813K [0x00000000a0000000, 0x00000000a4b00000, 0x00000000e0000000)
  object space 76800K, 11% used [0x00000000a0000000,0x00000000a089b530,0x00000000a4b00000)
 Metaspace       used 18120K, capacity 18532K, committed 18688K, reserved 1064960K
  class space    used 2681K, capacity 2814K, committed 2816K, reserved 1048576K
}
Event: 3.880 GC heap before
{Heap before GC invocations=6 (full 0):
 PSYoungGen      total 33280K, used 25088K [0x00000000e0000000, 0x00000000e4b00000, 0x0000000100000000)
  eden space 28672K, 71% used [0x00000000e0000000,0x00000000e1402240,0x00000000e1c00000)
  from space 4608K, 99% used [0x00000000e1c00000,0x00000000e207e040,0x00000000e2080000)
  to   space 9728K, 0% used [0x00000000e4180000,0x00000000e4180000,0x00000000e4b00000)
 ParOldGen       total 76800K, used 8813K [0x00000000a0000000, 0x00000000a4b00000, 0x00000000e0000000)
  object space 76800K, 11% used [0x00000000a0000000,0x00000000a089b530,0x00000000a4b00000)
 Metaspace       used 20761K, capacity 21188K, committed 21296K, reserved 1067008K
  class space    used 2996K, capacity 3155K, committed 3200K, reserved 1048576K
Event: 3.887 GC heap after
Heap after GC invocations=6 (full 0):
 PSYoungGen      total 66560K, used 7665K [0x00000000e0000000, 0x00000000e4c00000, 0x0000000100000000)
  eden space 56832K, 0% used [0x00000000e0000000,0x00000000e0000000,0x00000000e3780000)
  from space 9728K, 78% used [0x00000000e4180000,0x00000000e48fc600,0x00000000e4b00000)
  to   space 10240K, 0% used [0x00000000e3780000,0x00000000e3780000,0x00000000e4180000)
 ParOldGen       total 76800K, used 8821K [0x00000000a0000000, 0x00000000a4b00000, 0x00000000e0000000)
  object space 76800K, 11% used [0x00000000a0000000,0x00000000a089d530,0x00000000a4b00000)
 Metaspace       used 20761K, capacity 21188K, committed 21296K, reserved 1067008K
  class space    used 2996K, capacity 3155K, committed 3200K, reserved 1048576K
}
Event: 3.887 GC heap before
{Heap before GC invocations=7 (full 1):
 PSYoungGen      total 66560K, used 7665K [0x00000000e0000000, 0x00000000e4c00000, 0x0000000100000000)
  eden space 56832K, 0% used [0x00000000e0000000,0x00000000e0000000,0x00000000e3780000)
  from space 9728K, 78% used [0x00000000e4180000,0x00000000e48fc600,0x00000000e4b00000)
  to   space 10240K, 0% used [0x00000000e3780000,0x00000000e3780000,0x00000000e4180000)
 ParOldGen       total 76800K, used 8821K [0x00000000a0000000, 0x00000000a4b00000, 0x00000000e0000000)
  object space 76800K, 11% used [0x00000000a0000000,0x00000000a089d530,0x00000000a4b00000)
 Metaspace       used 20761K, capacity 21188K, committed 21296K, reserved 1067008K
  class space    used 2996K, capacity 3155K, committed 3200K, reserved 1048576K
Event: 3.919 GC heap after
Heap after GC invocations=7 (full 1):
 PSYoungGen      total 66560K, used 0K [0x00000000e0000000, 0x00000000e4c00000, 0x0000000100000000)
  eden space 56832K, 0% used [0x00000000e0000000,0x00000000e0000000,0x00000000e3780000)
  from space 9728K, 0% used [0x00000000e4180000,0x00000000e4180000,0x00000000e4b00000)
  to   space 10240K, 0% used [0x00000000e3780000,0x00000000e3780000,0x00000000e4180000)
 ParOldGen       total 55296K, used 9142K [0x00000000a0000000, 0x00000000a3600000, 0x00000000e0000000)
  object space 55296K, 16% used [0x00000000a0000000,0x00000000a08edbb0,0x00000000a3600000)
 Metaspace       used 20761K, capacity 21188K, committed 21296K, reserved 1067008K
  class space    used 2996K, capacity 3155K, committed 3200K, reserved 1048576K
}
Event: 4.596 GC heap before
{Heap before GC invocations=8 (full 1):
 PSYoungGen      total 66560K, used 56832K [0x00000000e0000000, 0x00000000e4c00000, 0x0000000100000000)
  eden space 56832K, 100% used [0x00000000e0000000,0x00000000e3780000,0x00000000e3780000)
  from space 9728K, 0% used [0x00000000e4180000,0x00000000e4180000,0x00000000e4b00000)
  to   space 10240K, 0% used [0x00000000e3780000,0x00000000e3780000,0x00000000e4180000)
 ParOldGen       total 55296K, used 9142K [0x00000000a0000000, 0x00000000a3600000, 0x00000000e0000000)
  object space 55296K, 16% used [0x00000000a0000000,0x00000000a08edbb0,0x00000000a3600000)
 Metaspace       used 26442K, capacity 26990K, committed 27136K, reserved 1073152K
  class space    used 3772K, capacity 3998K, committed 4096K, reserved 1048576K
Event: 4.602 GC heap after
Heap after GC invocations=8 (full 1):
 PSYoungGen      total 67072K, used 5935K [0x00000000e0000000, 0x00000000e4c00000, 0x0000000100000000)
  eden space 56832K, 0% used [0x00000000e0000000,0x00000000e0000000,0x00000000e3780000)
  from space 10240K, 57% used [0x00000000e3780000,0x00000000e3d4bd48,0x00000000e4180000)
  to   space 9728K, 0% used [0x00000000e4180000,0x00000000e4180000,0x00000000e4b00000)
 ParOldGen       total 55296K, used 9150K [0x00000000a0000000, 0x00000000a3600000, 0x00000000e0000000)
  object space 55296K, 16% used [0x00000000a0000000,0x00000000a08efbb0,0x00000000a3600000)
 Metaspace       used 26442K, capacity 26990K, committed 27136K, reserved 1073152K
  class space    used 3772K, capacity 3998K, committed 4096K, reserved 1048576K
}

Deoptimization events (10 events):
Event: 4.187 Thread 0x000000001b063800 Uncommon trap: reason=unstable_if action=reinterpret pc=0x0000000003a1bec0 method=java.util.HashMap.hash(Ljava/lang/Object;)I @ 1
Event: 4.244 Thread 0x000000001b063800 Uncommon trap: reason=unstable_if action=reinterpret pc=0x000000000382339c method=java.io.WinNTFileSystem.resolve(Ljava/lang/String;Ljava/lang/String;)Ljava/lang/String; @ 49
Event: 4.266 Thread 0x000000001b063800 Uncommon trap: reason=unstable_if action=reinterpret pc=0x0000000003851070 method=java.util.LinkedHashMap.afterNodeInsertion(Z)V @ 1
Event: 4.558 Thread 0x000000001b063800 Uncommon trap: reason=unstable_if action=reinterpret pc=0x00000000037feef0 method=java.util.HashMap.getNode(ILjava/lang/Object;)Ljava/util/HashMap$Node; @ 129
Event: 4.587 Thread 0x000000001b063800 Uncommon trap: reason=unstable_if action=reinterpret pc=0x0000000003d804f4 method=org.objectweb.asm.Type.appendDescriptor(Ljava/lang/StringBuilder;Ljava/lang/Class;)V @ 6
Event: 4.967 Thread 0x000000001b063800 Uncommon trap: reason=unstable_if action=reinterpret pc=0x0000000003d7b89c method=org.objectweb.asm.Type.getArgumentsAndReturnSizes(Ljava/lang/String;)I @ 115
Event: 5.077 Thread 0x000000001b063800 Uncommon trap: reason=unstable_if action=reinterpret pc=0x0000000003816930 method=java.util.HashMap.hash(Ljava/lang/Object;)I @ 1
Event: 5.077 Thread 0x000000001b063800 Uncommon trap: reason=unstable_if action=reinterpret pc=0x00000000039dd34c method=java.util.HashMap.putVal(ILjava/lang/Object;Ljava/lang/Object;ZZ)Ljava/lang/Object; @ 85
Event: 5.161 Thread 0x000000001b063800 Uncommon trap: reason=unstable_if action=reinterpret pc=0x0000000003e57860 method=org.codehaus.groovy.runtime.metaclass.MetaMethodIndex.addMethodToList(Ljava/lang/Object;Lgroovy/lang/MetaMethod;)Ljava/lang/Object; @ 226
Event: 5.227 Thread 0x000000001b063800 Uncommon trap: reason=unstable_if action=reinterpret pc=0x0000000003d85c48 method=org.objectweb.asm.ByteVector.putShort(I)Lorg/objectweb/asm/ByteVector; @ 13

Classes redefined (0 events):
No events

Internal exceptions (10 events):
Event: 4.949 Thread 0x000000001b063800 Exception <a 'java/lang/ClassNotFoundException': org/gradle/initialization/DefaultSettingsBeanInfo> (0x00000000e140f3f0) thrown at [C:\re\workspace\8-2-build-windows-amd64-cygwin\jdk8u181\11358\hotspot\src\share\vm\classfile\systemDictionary.cpp, line 210
Event: 4.950 Thread 0x000000001b063800 Exception <a 'java/lang/ClassNotFoundException': org/gradle/initialization/DefaultSettingsCustomizer> (0x00000000e1436cb0) thrown at [C:\re\workspace\8-2-build-windows-amd64-cygwin\jdk8u181\11358\hotspot\src\share\vm\classfile\systemDictionary.cpp, line 2
Event: 4.953 Thread 0x000000001b063800 Exception <a 'java/lang/ClassNotFoundException': org/gradle/initialization/DefaultSettings_DecoratedCustomizer> (0x00000000e14a0858) thrown at [C:\re\workspace\8-2-build-windows-amd64-cygwin\jdk8u181\11358\hotspot\src\share\vm\classfile\systemDictionary.c
Event: 5.077 Thread 0x000000001b063800 Implicit null exception at 0x0000000003816898 to 0x0000000003816926
Event: 5.166 Thread 0x000000001b063800 Exception <a 'java/lang/ClassNotFoundException': org/gradle/api/internal/project/DefaultProject_DecoratedBeanInfo> (0x00000000e23f8718) thrown at [C:\re\workspace\8-2-build-windows-amd64-cygwin\jdk8u181\11358\hotspot\src\share\vm\classfile\systemDictionar
Event: 5.166 Thread 0x000000001b063800 Exception <a 'java/lang/ClassNotFoundException': org/gradle/api/internal/project/DefaultProjectBeanInfo> (0x00000000e240eea8) thrown at [C:\re\workspace\8-2-build-windows-amd64-cygwin\jdk8u181\11358\hotspot\src\share\vm\classfile\systemDictionary.cpp, lin
Event: 5.166 Thread 0x000000001b063800 Exception <a 'java/lang/ClassNotFoundException': org/gradle/api/internal/project/DefaultProjectCustomizer> (0x00000000e2425f60) thrown at [C:\re\workspace\8-2-build-windows-amd64-cygwin\jdk8u181\11358\hotspot\src\share\vm\classfile\systemDictionary.cpp, l
Event: 5.172 Thread 0x000000001b063800 Exception <a 'java/lang/ClassNotFoundException': org/gradle/api/internal/project/DefaultProject_DecoratedCustomizer> (0x00000000e250dd40) thrown at [C:\re\workspace\8-2-build-windows-amd64-cygwin\jdk8u181\11358\hotspot\src\share\vm\classfile\systemDiction
Event: 5.185 Thread 0x000000001b063800 Exception <a 'java/lang/ClassNotFoundException': org/gradle/api/internal/plugins/DefaultObjectConfigurationActionBeanInfo> (0x00000000e25f0e48) thrown at [C:\re\workspace\8-2-build-windows-amd64-cygwin\jdk8u181\11358\hotspot\src\share\vm\classfile\systemD
Event: 5.186 Thread 0x000000001b063800 Exception <a 'java/lang/ClassNotFoundException': org/gradle/api/internal/plugins/DefaultObjectConfigurationActionCustomizer> (0x00000000e260bb68) thrown at [C:\re\workspace\8-2-build-windows-amd64-cygwin\jdk8u181\11358\hotspot\src\share\vm\classfile\syste

Events (10 events):
Event: 5.350 loading class org/apache/commons/lang/text/StrBuilder
Event: 5.350 loading class org/apache/commons/lang/text/StrBuilder done
Event: 5.351 loading class org/apache/commons/lang/text/StrTokenizer
Event: 5.351 loading class org/apache/commons/lang/text/StrTokenizer done
Event: 5.352 loading class org/apache/commons/lang/text/StrBuilder$StrBuilderTokenizer
Event: 5.352 loading class org/apache/commons/lang/text/StrBuilder$StrBuilderTokenizer done
Event: 5.353 loading class java/lang/StringIndexOutOfBoundsException
Event: 5.353 loading class java/lang/StringIndexOutOfBoundsException done
Event: 5.353 loading class org/apache/commons/lang/text/StrBuilder$StrBuilderReader
Event: 5.353 loading class org/apache/commons/lang/text/StrBuilder$StrBuilderReader done


Dynamic libraries:
0x00007ff7b5740000 - 0x00007ff7b5777000 	C:\Program Files\Java\jdk1.8.0_181\bin\java.exe
0x00007ff9ac5c0000 - 0x00007ff9ac7a1000 	C:\windows\SYSTEM32\ntdll.dll
0x00007ff9a9f30000 - 0x00007ff9a9fe2000 	C:\windows\System32\KERNEL32.DLL
0x00007ff9a9170000 - 0x00007ff9a93e3000 	C:\windows\System32\KERNELBASE.dll
0x00007ff9aad00000 - 0x00007ff9aada1000 	C:\windows\System32\ADVAPI32.dll
0x00007ff9aaea0000 - 0x00007ff9aaf3e000 	C:\windows\System32\msvcrt.dll
0x00007ff9aa9f0000 - 0x00007ff9aaa4b000 	C:\windows\System32\sechost.dll
0x00007ff9aa050000 - 0x00007ff9aa174000 	C:\windows\System32\RPCRT4.dll
0x00007ff9aa860000 - 0x00007ff9aa9f0000 	C:\windows\System32\USER32.dll
0x00007ff9a9830000 - 0x00007ff9a9850000 	C:\windows\System32\win32u.dll
0x00007ff9a9a50000 - 0x00007ff9a9a78000 	C:\windows\System32\GDI32.dll
0x00007ff9a98b0000 - 0x00007ff9a9a42000 	C:\windows\System32\gdi32full.dll
0x00007ff9a9790000 - 0x00007ff9a982f000 	C:\windows\System32\msvcp_win.dll
0x00007ff9a94a0000 - 0x00007ff9a959a000 	C:\windows\System32\ucrtbase.dll
0x00007ff99e0f0000 - 0x00007ff99e359000 	C:\windows\WinSxS\amd64_microsoft.windows.common-controls_6595b64144ccf1df_6.0.17134.523_none_fb409dd930672a56\COMCTL32.dll
0x00007ff9aa390000 - 0x00007ff9aa6b2000 	C:\windows\System32\combase.dll
0x00007ff9a90a0000 - 0x00007ff9a911a000 	C:\windows\System32\bcryptPrimitives.dll
0x00007ff9aa2f0000 - 0x00007ff9aa31d000 	C:\windows\System32\IMM32.DLL
0x000000005a650000 - 0x000000005a722000 	C:\Program Files\Java\jdk1.8.0_181\jre\bin\msvcr100.dll
0x0000000057710000 - 0x0000000057fb2000 	C:\Program Files\Java\jdk1.8.0_181\jre\bin\server\jvm.dll
0x00007ff9aa380000 - 0x00007ff9aa388000 	C:\windows\System32\PSAPI.DLL
0x00007ff9a2f20000 - 0x00007ff9a2f2a000 	C:\windows\SYSTEM32\VERSION.dll
0x00007ff9a6a40000 - 0x00007ff9a6a63000 	C:\windows\SYSTEM32\WINMM.dll
0x00007ff99c770000 - 0x00007ff99c779000 	C:\windows\SYSTEM32\WSOCK32.dll
0x00007ff9ab0e0000 - 0x00007ff9ab14c000 	C:\windows\System32\WS2_32.dll
0x00007ff9a6930000 - 0x00007ff9a695a000 	C:\windows\SYSTEM32\winmmbase.dll
0x00007ff9a9120000 - 0x00007ff9a9169000 	C:\windows\System32\cfgmgr32.dll
0x000000005a640000 - 0x000000005a64f000 	C:\Program Files\Java\jdk1.8.0_181\jre\bin\verify.dll
0x000000005a610000 - 0x000000005a639000 	C:\Program Files\Java\jdk1.8.0_181\jre\bin\java.dll
0x000000005a5a0000 - 0x000000005a5b6000 	C:\Program Files\Java\jdk1.8.0_181\jre\bin\zip.dll
0x00007ff9ab150000 - 0x00007ff9ac590000 	C:\windows\System32\SHELL32.dll
0x00007ff9aac50000 - 0x00007ff9aacf9000 	C:\windows\System32\shcore.dll
0x00007ff9a8990000 - 0x00007ff9a909d000 	C:\windows\System32\windows.storage.dll
0x00007ff9a9ff0000 - 0x00007ff9aa041000 	C:\windows\System32\shlwapi.dll
0x00007ff9a8950000 - 0x00007ff9a8961000 	C:\windows\System32\kernel.appcore.dll
0x00007ff9a88e0000 - 0x00007ff9a88ff000 	C:\windows\System32\profapi.dll
0x00007ff9a8900000 - 0x00007ff9a894c000 	C:\windows\System32\powrprof.dll
0x00007ff9a88d0000 - 0x00007ff9a88da000 	C:\windows\System32\FLTLIB.DLL
0x000000005a560000 - 0x000000005a57a000 	C:\Program Files\Java\jdk1.8.0_181\jre\bin\net.dll
0x00007ff9a80f0000 - 0x00007ff9a8156000 	C:\windows\system32\mswsock.dll
0x000000005a540000 - 0x000000005a551000 	C:\Program Files\Java\jdk1.8.0_181\jre\bin\nio.dll
0x00007ff973ef0000 - 0x00007ff973f0e000 	F:\.gradle\native\25\windows-amd64\native-platform.dll
0x000000005a580000 - 0x000000005a58d000 	C:\Program Files\Java\jdk1.8.0_181\jre\bin\management.dll
0x00007ff9a82b0000 - 0x00007ff9a82c7000 	C:\windows\SYSTEM32\CRYPTSP.dll
0x00007ff9a7cd0000 - 0x00007ff9a7d03000 	C:\windows\system32\rsaenh.dll
0x00007ff9a83d0000 - 0x00007ff9a83f5000 	C:\windows\SYSTEM32\bcrypt.dll
0x00007ff9a87d0000 - 0x00007ff9a87f8000 	C:\windows\SYSTEM32\USERENV.dll
0x00007ff9a82a0000 - 0x00007ff9a82ab000 	C:\windows\SYSTEM32\CRYPTBASE.dll
0x00007ff9a7e70000 - 0x00007ff9a7ea8000 	C:\windows\SYSTEM32\IPHLPAPI.DLL
0x00007ff9aaf50000 - 0x00007ff9aaf58000 	C:\windows\System32\NSI.dll
0x00007ff9a31a0000 - 0x00007ff9a31b6000 	C:\windows\SYSTEM32\dhcpcsvc6.DLL
0x00007ff9a3180000 - 0x00007ff9a319a000 	C:\windows\SYSTEM32\dhcpcsvc.DLL

VM Arguments:
jvm_args: -Xmx1536m -Dfile.encoding=GBK -Duser.country=CN -Duser.language=zh -Duser.variant 
java_command: org.gradle.launcher.daemon.bootstrap.GradleDaemon 4.10.1
java_class_path (initial): F:\.gradle\wrapper\dists\gradle-4.10.1-all\455itskqi2qtf0v2sja68alqd\gradle-4.10.1\lib\gradle-launcher-4.10.1.jar
Launcher Type: SUN_STANDARD

Environment Variables:
JAVA_HOME=C:\Program Files\Java\jdk1.8.0_181
CLASSPATH=.;%JAVA_HOME%\lib;%JAVA_HOME%\lib\dt.jar;%JAVA_HOME%\lib\tools.jar
PATH=C:\ProgramData\Oracle\Java\javapath;C:\windows\system32;C:\windows;C:\windows\System32\Wbem;C:\windows\System32\WindowsPowerShell\v1.0\;C:\windows\System32\OpenSSH\;E:\Program Files (x86)\Microsoft SQL Server\110\Tools\Binn\;E:\Program Files\Microsoft SQL Server\110\Tools\Binn\;E:\Program Files\Microsoft SQL Server\110\DTS\Binn\;E:\Program Files (x86)\Microsoft SQL Server\110\Tools\Binn\ManagementStudio\;C:\Program Files (x86)\Microsoft Visual Studio 10.0\Common7\IDE\PrivateAssemblies\;E:\Program Files (x86)\Microsoft SQL Server\110\DTS\Binn\;E:\nodejs\;E:\gradle-5.1-rc-2\bin;%android_home%;E:\Microsoft VS Code\bin;E:\TortoiseSVN\bin;E:\Git\cmd;C:\Users\Admin\AppData\Local\Microsoft\WindowsApps;E:\Microsoft VS Code\bin;C:\Users\Admin\AppData\Roaming\npm;E:\gradle-5.1-rc-2\bin;E:\apache-maven-3.6.0\bin;C:\Program Files\Java\jdk1.8.0_181\bin;C:\Users\Admin\AppData\Local\GitHubDesktop\bin
USERNAME=Admin
OS=Windows_NT
PROCESSOR_IDENTIFIER=AMD64 Family 23 Model 17 Stepping 0, AuthenticAMD



---------------  S Y S T E M  ---------------

OS: Windows 10.0 , 64 bit Build 17134 (10.0.17134.1)

CPU:total 8 (initial active 8) (8 cores per cpu, 1 threads per core) family 23 model 17 stepping 0, cmov, cx8, fxsr, mmx, sse, sse2, sse3, ssse3, sse4.1, sse4.2, popcnt, avx, avx2, aes, clmul, mmxext, 3dnowpref, lzcnt, sse4a, tsc, tscinvbit, tscinv, bmi1

Memory: 4k page, physical 7287780k(453388k free), swap 15676388k(5256k free)

vm_info: Java HotSpot(TM) 64-Bit Server VM (25.181-b13) for windows-amd64 JRE (1.8.0_181-b13), built on Jul  7 2018 04:01:33 by "java_re" with MS VC++ 10.0 (VS2010)

time: Tue Jan 22 15:43:20 2019
elapsed time: 5 seconds (0d 0h 0m 5s)

